
ROM used:   500/8192 (6%)
            500/8192 (6%) including unused fragments

            0.6 Average locations per line
            5.7 Average locations per statement

RAM used:   7/368 (2%) at main() level
            19/368 (5%) worst case

Stack used: 4 worst case (4 in main + 0 for interrupts)
Stack size: 8

Lines Stmts  %   Files
----- ----- ---  -----
   46    16  18  main.c
  671     0   0  ..\..\..\..\..\..\..\..\..\..\Program Files (x86)\PICC\Devices\16F877A.h
  165    72  82  ..\..\..\..\..\..\..\..\..\..\Program Files (x86)\PICC\Drivers\mod_lcd.c
----- -----
  882    88 Total

Page ROM  %  RAM   Vol Diff  Functions:
---- --- --- ---   --- ----  ----------
0     20   4    1             @delay_ms1
0      8   2    0   172  1.8  @const621
0     39   8    1   260  1.9  lcd_envia_nibble
0     33   7    3   176  2.7  lcd_envia_byte
0     61  12    2   433  4.3  lcd_ini
 Inline         4   186  5.5  lcd_pos_xy
0     55  11    1   290  4.1  lcd_escreve
0     89  18    2   412  2.8  MAIN
0      7   1    0    17  0.8  @const647
0     88  18    4   125  3.0  @PSTRINGC7_637
0      7   1    0             @const650
0     89  18    5   439  4.1  @PSTRINGCN7_637
 Inline         0             @cinit1

Program metrics:
    Functions               10
    Statements              88
    Comments                167
    Volume (V)              4062
    Difficulty (D)          30.8
    Effort to implement (E) 125146
    Time to implement (T)   1 hours, 56 minutes
    Est Delivered Bugs (B)  1
    Cyclomatic Complexity   10
    Maintainability (MI)    107

 Segment     Used  Free
-----------  ----  ----
00000-00003     4  0  
00004-007FF   496  1548  
00800-00FFF     0  2048  
01000-017FF     0  2048  
01800-01FFF     0  2048  



