CCS PCM C Compiler, Version 5.015, 5967               11-out-22 20:34

               Filename:   C:\Users\Sadla\OneDrive\Documentos\MEGAsync\doc\Facul\Microcontroladores\Projetos\ProjetoPic\projetoPIC.lst

               ROM used:   1888 words (23%)
                           Largest free fragment is 2048
               RAM used:   83 (23%) at main() level
                           108 (29%) worst case
               Stack used: 7 locations (5 in main + 2 for interrupts)
               Stack size: 8

*
0000:  MOVLW  06
0001:  MOVWF  0A
0002:  GOTO   6AB
0003:  NOP
0004:  MOVWF  7F
0005:  SWAPF  03,W
0006:  CLRF   03
0007:  MOVWF  21
0008:  MOVF   0A,W
0009:  MOVWF  20
000A:  CLRF   0A
000B:  MOVF   04,W
000C:  MOVWF  22
000D:  MOVF   77,W
000E:  MOVWF  23
000F:  MOVF   78,W
0010:  MOVWF  24
0011:  MOVF   79,W
0012:  MOVWF  25
0013:  MOVF   7A,W
0014:  MOVWF  26
0015:  BSF    03.6
0016:  MOVF   0D,W
0017:  BCF    03.6
0018:  MOVWF  27
0019:  BSF    03.6
001A:  MOVF   0F,W
001B:  BCF    03.6
001C:  MOVWF  28
001D:  BSF    03.6
001E:  MOVF   0C,W
001F:  BCF    03.6
0020:  MOVWF  29
0021:  BSF    03.6
0022:  MOVF   0E,W
0023:  BCF    03.6
0024:  MOVWF  2A
0025:  BCF    03.7
0026:  BCF    03.5
0027:  BTFSS  0B.3
0028:  GOTO   02B
0029:  BTFSC  0B.0
002A:  GOTO   04C
002B:  MOVF   22,W
002C:  MOVWF  04
002D:  MOVF   23,W
002E:  MOVWF  77
002F:  MOVF   24,W
0030:  MOVWF  78
0031:  MOVF   25,W
0032:  MOVWF  79
0033:  MOVF   26,W
0034:  MOVWF  7A
0035:  MOVF   27,W
0036:  BSF    03.6
0037:  MOVWF  0D
0038:  BCF    03.6
0039:  MOVF   28,W
003A:  BSF    03.6
003B:  MOVWF  0F
003C:  BCF    03.6
003D:  MOVF   29,W
003E:  BSF    03.6
003F:  MOVWF  0C
0040:  BCF    03.6
0041:  MOVF   2A,W
0042:  BSF    03.6
0043:  MOVWF  0E
0044:  BCF    03.6
0045:  MOVF   20,W
0046:  MOVWF  0A
0047:  SWAPF  21,W
0048:  MOVWF  03
0049:  SWAPF  7F,F
004A:  SWAPF  7F,W
004B:  RETFIE
004C:  BCF    0A.3
004D:  BCF    0A.4
004E:  GOTO   06B
.................... /* 
.................... to the key pad, the signal is sended by the column pins, and collected by the 
.................... row pins. 
....................  
.................... keys meaning 
.................... A = right 
.................... B = left 
.................... C = up 
.................... D = down 
.................... # = exit 
.................... * = enter 
....................  
.................... keypad schematic 
.................... 1 = C1+R1; 
.................... 2 = C2+R1; 
.................... 3 = C3+R1; 
.................... 4 = C1+R2; 
.................... 5 = C2+R2; 
.................... 6 = C3+R2; 
.................... 7 = C1+R3; 
.................... 8 = C2+R3; 
.................... 9 = C3+R3; 
.................... 0 = C3+R4; 
.................... A(right) = C4+R1; 
.................... B(left) = C4+R2; 
.................... C(up) = C4+R3; 
.................... D(down) = C4+R4; 
.................... #(exit) = C3+R4; 
.................... *(enter) = C1+R4; 
....................  
.................... keypad pins connection 
.................... R1 PIN_B4 
.................... R2 PIN_B5 
.................... R3 PIN_B6 
.................... R4 PIN_B7 
.................... C1 PIN_B0 
.................... C2 PIN_B1 
.................... C3 PIN_B2 
.................... C4 PIN_B3 
.................... */ 
....................  
....................  
.................... //#include <projetoPIC.h> 
.................... #include <16F877A.h> 
.................... //////////// Standard Header file for the PIC16F877A device //////////////// 
.................... /////////////////////////////////////////////////////////////////////////// 
.................... ////        (C) Copyright 1996, 2013 Custom Computer Services          //// 
.................... //// This source code may only be used by licensed users of the CCS C  //// 
.................... //// compiler.  This source code may only be distributed to other      //// 
.................... //// licensed users of the CCS C compiler.  No other use, reproduction //// 
.................... //// or distribution is permitted without written permission.          //// 
.................... //// Derivative programs created using this software in object code    //// 
.................... //// form are not restricted in any way.                               //// 
.................... /////////////////////////////////////////////////////////////////////////// 
.................... #device PIC16F877A 
004F:  BCF    0A.0
0050:  BCF    0A.1
0051:  BCF    0A.2
0052:  ADDWF  02,F
0053:  RETLW  28
0054:  RETLW  0F
0055:  RETLW  01
0056:  RETLW  06
*
01EE:  DATA 8C,29
01EF:  DATA 6F,36
01F0:  DATA 31,10
01F1:  DATA D4,12
01F2:  DATA 75,05
01F3:  DATA 25,18
01F4:  DATA B2,3A
01F5:  DATA BA,12
01F6:  DATA 30,19
01F7:  DATA F5,16
01F8:  DATA 25,18
01F9:  DATA B2,3A
01FA:  DATA BA,12
01FB:  DATA 30,19
01FC:  DATA 75,00
01FD:  DATA 8C,29
01FE:  DATA 6F,36
01FF:  DATA 32,10
0200:  DATA D4,12
0201:  DATA 75,05
0202:  DATA 25,18
0203:  DATA B2,3A
0204:  DATA BA,12
0205:  DATA 30,19
0206:  DATA F5,16
0207:  DATA 25,18
0208:  DATA B2,3A
0209:  DATA BA,12
020A:  DATA 30,19
020B:  DATA 75,00
020C:  DATA 8C,29
020D:  DATA 6F,36
020E:  DATA 33,10
020F:  DATA D4,12
0210:  DATA 75,05
0211:  DATA 25,18
0212:  DATA B2,3A
0213:  DATA BA,12
0214:  DATA 30,19
0215:  DATA F5,16
0216:  DATA 25,18
0217:  DATA B2,3A
0218:  DATA BA,12
0219:  DATA 30,19
021A:  DATA 75,00
021B:  DATA 8C,29
021C:  DATA 6F,36
021D:  DATA 34,10
021E:  DATA D4,12
021F:  DATA 75,05
0220:  DATA 25,18
0221:  DATA B2,3A
0222:  DATA BA,12
0223:  DATA 30,19
0224:  DATA F5,16
0225:  DATA 25,18
0226:  DATA B2,3A
0227:  DATA BA,12
0228:  DATA 30,19
0229:  DATA 75,00
022A:  DATA 8C,24
022B:  DATA C6,26
022C:  DATA 54,10
022D:  DATA 32,18
022E:  DATA 32,19
022F:  DATA 00,00
0230:  DATA 8C,22
0231:  DATA 52,29
0232:  DATA 4F,1D
0233:  DATA 0A,27
0234:  DATA 6F,10
0235:  DATA D3,37
0236:  DATA 6C,10
0237:  DATA D3,32
0238:  DATA EC,32
0239:  DATA 63,3A
023A:  DATA 65,32
023B:  DATA 00,00
*
0332:  MOVF   0B,W
0333:  MOVWF  6E
0334:  BCF    0B.7
0335:  BSF    03.5
0336:  BSF    03.6
0337:  BSF    0C.7
0338:  BSF    0C.0
0339:  NOP
033A:  NOP
033B:  BCF    03.5
033C:  BCF    03.6
033D:  BTFSC  6E.7
033E:  BSF    0B.7
033F:  BSF    03.6
0340:  MOVF   0C,W
0341:  ANDLW  7F
0342:  BTFSC  03.2
0343:  GOTO   385
0344:  BCF    03.6
0345:  MOVWF  6E
0346:  BSF    03.6
0347:  MOVF   0D,W
0348:  BCF    03.6
0349:  MOVWF  6F
034A:  BSF    03.6
034B:  MOVF   0F,W
034C:  MOVWF  70
034D:  BCF    03.6
034E:  MOVF   6E,W
034F:  MOVWF  7E
0350:  CALL   2EB
0351:  MOVF   6F,W
0352:  BSF    03.6
0353:  MOVWF  0D
0354:  MOVF   70,W
0355:  MOVWF  0F
0356:  BCF    03.6
0357:  MOVF   0B,W
0358:  MOVWF  71
0359:  BCF    0B.7
035A:  BSF    03.5
035B:  BSF    03.6
035C:  BSF    0C.7
035D:  BSF    0C.0
035E:  NOP
035F:  NOP
0360:  BTFSS  71.7
0361:  GOTO   367
0362:  BCF    03.5
0363:  BCF    03.6
0364:  BSF    0B.7
0365:  BSF    03.5
0366:  BSF    03.6
0367:  BCF    03.5
0368:  RLF    0C,W
0369:  RLF    0E,W
036A:  ANDLW  7F
036B:  BTFSC  03.2
036C:  GOTO   385
036D:  BCF    03.6
036E:  MOVWF  6E
036F:  BSF    03.6
0370:  MOVF   0D,W
0371:  BCF    03.6
0372:  MOVWF  6F
0373:  BSF    03.6
0374:  MOVF   0F,W
0375:  MOVWF  70
0376:  BCF    03.6
0377:  MOVF   6E,W
0378:  MOVWF  7E
0379:  CALL   2EB
037A:  MOVF   6F,W
037B:  BSF    03.6
037C:  MOVWF  0D
037D:  MOVF   70,W
037E:  MOVWF  0F
037F:  INCF   0D,F
0380:  BTFSC  03.2
0381:  INCF   0F,F
0382:  BCF    03.6
0383:  GOTO   332
0384:  BSF    03.6
0385:  BCF    03.6
0386:  RETURN
0387:  MOVF   0B,W
0388:  MOVWF  7B
0389:  BCF    0B.7
038A:  BSF    03.5
038B:  BSF    03.6
038C:  BSF    0C.7
038D:  BSF    0C.0
038E:  NOP
038F:  NOP
0390:  BTFSS  7B.7
0391:  GOTO   397
0392:  BCF    03.5
0393:  BCF    03.6
0394:  BSF    0B.7
0395:  BSF    03.5
0396:  BSF    03.6
0397:  BTFSC  03.0
0398:  GOTO   3BE
0399:  BCF    03.5
039A:  MOVF   0C,W
039B:  ANDLW  7F
039C:  MOVWF  7B
039D:  MOVF   0D,W
039E:  MOVWF  7C
039F:  MOVF   0F,W
03A0:  MOVWF  7D
03A1:  MOVF   7B,W
03A2:  MOVWF  7E
03A3:  BCF    03.6
03A4:  CALL   2EB
03A5:  MOVF   7C,W
03A6:  BSF    03.6
03A7:  MOVWF  0D
03A8:  MOVF   7D,W
03A9:  MOVWF  0F
03AA:  BCF    03.6
03AB:  MOVF   0B,W
03AC:  MOVWF  7E
03AD:  BCF    0B.7
03AE:  BSF    03.5
03AF:  BSF    03.6
03B0:  BSF    0C.7
03B1:  BSF    0C.0
03B2:  NOP
03B3:  NOP
03B4:  BTFSS  7E.7
03B5:  GOTO   3BB
03B6:  BCF    03.5
03B7:  BCF    03.6
03B8:  BSF    0B.7
03B9:  BSF    03.5
03BA:  BSF    03.6
03BB:  DECFSZ 75,F
03BC:  GOTO   3BE
03BD:  GOTO   3DA
03BE:  BCF    03.5
03BF:  RLF    0C,W
03C0:  RLF    0E,W
03C1:  ANDLW  7F
03C2:  MOVWF  7B
03C3:  MOVF   0D,W
03C4:  MOVWF  7C
03C5:  MOVF   0F,W
03C6:  MOVWF  7D
03C7:  MOVF   7B,W
03C8:  MOVWF  7E
03C9:  BCF    03.6
03CA:  CALL   2EB
03CB:  MOVF   7C,W
03CC:  BSF    03.6
03CD:  MOVWF  0D
03CE:  MOVF   7D,W
03CF:  MOVWF  0F
03D0:  INCF   0D,F
03D1:  BTFSC  03.2
03D2:  INCF   0F,F
03D3:  BCF    03.0
03D4:  DECFSZ 75,F
03D5:  GOTO   3D7
03D6:  GOTO   3D9
03D7:  BCF    03.6
03D8:  GOTO   387
03D9:  BSF    03.5
03DA:  BCF    03.5
03DB:  BCF    03.6
03DC:  RETURN
03DD:  MOVF   7C,W
03DE:  CLRF   78
03DF:  SUBWF  7B,W
03E0:  BTFSC  03.0
03E1:  GOTO   3E5
03E2:  MOVF   7B,W
03E3:  MOVWF  77
03E4:  GOTO   3F1
03E5:  CLRF   77
03E6:  MOVLW  08
03E7:  MOVWF  7D
03E8:  RLF    7B,F
03E9:  RLF    77,F
03EA:  MOVF   7C,W
03EB:  SUBWF  77,W
03EC:  BTFSC  03.0
03ED:  MOVWF  77
03EE:  RLF    78,F
03EF:  DECFSZ 7D,F
03F0:  GOTO   3E8
03F1:  RETURN
03F2:  MOVF   78,W
03F3:  MOVF   75,W
03F4:  MOVWF  7B
03F5:  MOVLW  64
03F6:  MOVWF  7C
03F7:  CALL   3DD
03F8:  MOVF   77,W
03F9:  MOVWF  75
03FA:  MOVF   78,W
03FB:  MOVLW  30
03FC:  BTFSS  03.2
03FD:  GOTO   405
03FE:  BTFSS  76.1
03FF:  GOTO   40C
0400:  BTFSC  76.3
0401:  GOTO   40C
0402:  BTFSC  76.4
0403:  MOVLW  20
0404:  GOTO   408
0405:  BCF    76.3
0406:  BCF    76.4
0407:  BSF    76.0
0408:  ADDWF  78,F
0409:  MOVF   78,W
040A:  MOVWF  7E
040B:  CALL   2EB
040C:  MOVF   75,W
040D:  MOVWF  7B
040E:  MOVLW  0A
040F:  MOVWF  7C
0410:  CALL   3DD
0411:  MOVF   77,W
0412:  MOVWF  75
0413:  MOVF   78,W
0414:  MOVLW  30
0415:  BTFSS  03.2
0416:  GOTO   41D
0417:  BTFSC  76.3
0418:  GOTO   421
0419:  BTFSS  76.0
041A:  GOTO   421
041B:  BTFSC  76.4
041C:  MOVLW  20
041D:  ADDWF  78,F
041E:  MOVF   78,W
041F:  MOVWF  7E
0420:  CALL   2EB
0421:  MOVLW  30
0422:  ADDWF  75,F
0423:  MOVF   75,W
0424:  MOVWF  7E
0425:  CALL   2EB
0426:  RETURN
....................  
.................... #list 
....................  
.................... #device ADC=16 
....................  
.................... #FUSES NOWDT                    //No Watch Dog Timer 
.................... #FUSES NOBROWNOUT               //No brownout reset 
.................... #FUSES NOLVP                    //No low voltage prgming, B3(PIC16) or B5(PIC18) used for I/O 
....................  
.................... #use delay(crystal=20000000) 
*
0057:  MOVLW  AB
0058:  MOVWF  04
0059:  BCF    03.7
005A:  MOVF   00,W
005B:  BTFSC  03.2
005C:  GOTO   06A
005D:  MOVLW  06
005E:  MOVWF  78
005F:  CLRF   77
0060:  DECFSZ 77,F
0061:  GOTO   060
0062:  DECFSZ 78,F
0063:  GOTO   05F
0064:  MOVLW  7B
0065:  MOVWF  77
0066:  DECFSZ 77,F
0067:  GOTO   066
0068:  DECFSZ 00,F
0069:  GOTO   05D
006A:  RETURN
....................  
.................... //Esquema dos pinos do LCD 
.................... #ifndef lcd_enable 
....................    #define lcd_enable pin_E1 // pino enable do LCD 
....................    #define lcd_rs pin_E2 // pino rs do LCD 
....................    //#define lcd_rw pin_e2 // pino rw do LCD 
....................    #define lcd_d4 pin_d4 // pino de dados d4 do LCD 
....................    #define lcd_d5 pin_d5 // pino de dados d5 do LCD 
....................    #define lcd_d6 pin_d6 // pino de dados d6 do LCD 
....................    #define lcd_d7 pin_d7 // pino de dados d7 do LCD 
.................... #endif 
....................  
.................... #include <mod_lcd.c> 
.................... /************************************************************************/ 
.................... /*  MOD_LCD.C - Biblioteca de manipulação de módulo LCD                 */ 
.................... /*                                                                      */ 
.................... /*  Autor: Fábio Pereira                                                */ 
.................... /*                                                                      */ 
.................... /************************************************************************/ 
....................  
.................... // As definições a seguir são utilizadas para acesso aos pinos do display 
.................... // caso o pino RW não seja utilizado, comente a definição lcd_rw 
.................... #ifndef lcd_enable 
.................... 	#define lcd_enable 		pin_e1		// pino enable do LCD 
.................... 	#define lcd_rs			pin_e0		// pino rs do LCD 
.................... 	//#define lcd_rw		pin_e2		// pino rw do LCD 
.................... 	#define lcd_d4			pin_d4		// pino de dados d4 do LCD 
.................... 	#define lcd_d5			pin_d5		// pino de dados d5 do LCD 
.................... 	#define lcd_d6			pin_d6		// pino de dados d6 do LCD 
.................... 	#define lcd_d7			pin_d7		// pino de dados d7 do LCD 
.................... #endif 
....................  
.................... #define lcd_type 2           // 0=5x7, 1=5x10, 2=2 linhas 
.................... #define lcd_seg_lin 0x40    // Endereço da segunda linha na RAM do LCD 
....................  
.................... // a constante abaixo define a seqüência de inicialização do módulo LCD 
.................... byte CONST INI_LCD[4] = {0x20 | (lcd_type << 2), 0xf, 1, 6}; 
....................  
.................... byte lcd_le_byte() 
.................... // lê um byte do LCD (somente com pino RW) 
.................... { 
.................... 	byte dado; 
.................... 	// configura os pinos de dados como entradas 
.................... 	input(lcd_d4); 
.................... 	input(lcd_d5); 
.................... 	input(lcd_d6); 
.................... 	input(lcd_d7); 
.................... 	// se o pino rw for utilizado, coloca em 1 
.................... 	#ifdef lcd_rw 
.................... 		output_high(lcd_rw); 
.................... 	#endif 
....................    output_high(lcd_enable); // habilita display 
.................... 	dado = 0;	// zera a variável de leitura 
.................... 	// lê os quatro bits mais significativos 
.................... 	if (input(lcd_d7)) bit_set(dado,7); 
.................... 	if (input(lcd_d6)) bit_set(dado,6); 
.................... 	if (input(lcd_d5)) bit_set(dado,5); 
.................... 	if (input(lcd_d4)) bit_set(dado,4); 
.................... 	// dá um pulso na linha enable 
.................... 	output_low(lcd_enable); 
.................... 	output_high(lcd_enable); 
.................... 	// lê os quatro bits menos significativos 
.................... 	if (input(lcd_d7)) bit_set(dado,3); 
.................... 	if (input(lcd_d6)) bit_set(dado,2); 
.................... 	if (input(lcd_d5)) bit_set(dado,1); 
.................... 	if (input(lcd_d4)) bit_set(dado,0); 
.................... 	output_low(lcd_enable);	// desabilita o display 
.................... 	return dado;	// retorna o byte lido 
.................... } 
....................  
.................... void lcd_envia_nibble( byte dado ) 
.................... // envia um dado de quatro bits para o display 
.................... { 
.................... 	// coloca os quatro bits nas saidas 
.................... 	output_bit(lcd_d4,bit_test(dado,0)); 
*
023C:  BSF    03.5
023D:  BTFSC  27.0
023E:  GOTO   243
023F:  BCF    03.5
0240:  BCF    08.4
0241:  GOTO   245
0242:  BSF    03.5
0243:  BCF    03.5
0244:  BSF    08.4
0245:  BSF    03.5
0246:  BCF    08.4
.................... 	output_bit(lcd_d5,bit_test(dado,1)); 
0247:  BTFSC  27.1
0248:  GOTO   24D
0249:  BCF    03.5
024A:  BCF    08.5
024B:  GOTO   24F
024C:  BSF    03.5
024D:  BCF    03.5
024E:  BSF    08.5
024F:  BSF    03.5
0250:  BCF    08.5
.................... 	output_bit(lcd_d6,bit_test(dado,2)); 
0251:  BTFSC  27.2
0252:  GOTO   257
0253:  BCF    03.5
0254:  BCF    08.6
0255:  GOTO   259
0256:  BSF    03.5
0257:  BCF    03.5
0258:  BSF    08.6
0259:  BSF    03.5
025A:  BCF    08.6
.................... 	output_bit(lcd_d7,bit_test(dado,3)); 
025B:  BTFSC  27.3
025C:  GOTO   261
025D:  BCF    03.5
025E:  BCF    08.7
025F:  GOTO   263
0260:  BSF    03.5
0261:  BCF    03.5
0262:  BSF    08.7
0263:  BSF    03.5
0264:  BCF    08.7
.................... 	// dá um pulso na linha enable 
.................... 	output_high(lcd_enable); 
0265:  BCF    09.1
0266:  BCF    03.5
0267:  BSF    09.1
.................... 	output_low(lcd_enable); 
0268:  BSF    03.5
0269:  BCF    09.1
026A:  BCF    03.5
026B:  BCF    09.1
026C:  RETURN
.................... } 
....................  
....................  
.................... void lcd_envia_byte( boolean endereco, byte dado ) 
.................... { 
.................... 	// coloca a linha rs em 0 
.................... 	output_low(lcd_rs); 
026D:  BSF    03.5
026E:  BCF    09.2
026F:  BCF    03.5
0270:  BCF    09.2
.................... 	// aguarda o display ficar desocupado 
.................... 	//while ( bit_test(lcd_le_byte(),7) ) ; 
.................... 	// configura a linha rs dependendo do modo selecionado 
.................... 	output_bit(lcd_rs,endereco); 
0271:  BSF    03.5
0272:  MOVF   24,F
0273:  BTFSS  03.2
0274:  GOTO   279
0275:  BCF    03.5
0276:  BCF    09.2
0277:  GOTO   27B
0278:  BSF    03.5
0279:  BCF    03.5
027A:  BSF    09.2
027B:  BSF    03.5
027C:  BCF    09.2
.................... 	delay_us(100);	// aguarda 100 us 
027D:  MOVLW  A6
027E:  MOVWF  77
027F:  DECFSZ 77,F
0280:  GOTO   27F
0281:  NOP
.................... 	// caso a linha rw esteja definida, coloca em 0 
.................... 	#ifdef lcd_rw 
.................... 		output_low(lcd_rw); 
.................... 	#endif 
.................... 	// desativa linha enable 
.................... 	output_low(lcd_enable); 
0282:  BCF    09.1
0283:  BCF    03.5
0284:  BCF    09.1
.................... 	// envia a primeira parte do byte 
.................... 	lcd_envia_nibble(dado >> 4); 
0285:  BSF    03.5
0286:  SWAPF  25,W
0287:  MOVWF  26
0288:  MOVLW  0F
0289:  ANDWF  26,F
028A:  MOVF   26,W
028B:  MOVWF  27
028C:  BCF    03.5
028D:  CALL   23C
.................... 	// envia a segunda parte do byte 
.................... 	lcd_envia_nibble(dado & 0x0f); 
028E:  BSF    03.5
028F:  MOVF   25,W
0290:  ANDLW  0F
0291:  MOVWF  26
0292:  MOVWF  27
0293:  BCF    03.5
0294:  CALL   23C
0295:  RETURN
.................... } 
....................  
....................  
.................... void lcd_ini() 
.................... // rotina de inicialização do display 
.................... { 
.................... 	byte conta; 
.................... 	output_low(lcd_d4); 
0296:  BSF    03.5
0297:  BCF    08.4
0298:  BCF    03.5
0299:  BCF    08.4
.................... 	output_low(lcd_d5); 
029A:  BSF    03.5
029B:  BCF    08.5
029C:  BCF    03.5
029D:  BCF    08.5
.................... 	output_low(lcd_d6); 
029E:  BSF    03.5
029F:  BCF    08.6
02A0:  BCF    03.5
02A1:  BCF    08.6
.................... 	output_low(lcd_d7); 
02A2:  BSF    03.5
02A3:  BCF    08.7
02A4:  BCF    03.5
02A5:  BCF    08.7
.................... 	output_low(lcd_rs); 
02A6:  BSF    03.5
02A7:  BCF    09.2
02A8:  BCF    03.5
02A9:  BCF    09.2
.................... 	#ifdef lcd_rw 
.................... 		output_high(lcd_rw); 
.................... 	#endif 
.................... 	output_low(lcd_enable); 
02AA:  BSF    03.5
02AB:  BCF    09.1
02AC:  BCF    03.5
02AD:  BCF    09.1
02AE:  CLRF   2B
02AF:  BTFSC  0B.7
02B0:  BSF    2B.7
02B1:  BCF    0B.7
.................... 	delay_ms(15); 
02B2:  MOVLW  0F
02B3:  BSF    03.5
02B4:  MOVWF  2B
02B5:  BCF    03.5
02B6:  CALL   057
02B7:  BTFSC  2B.7
02B8:  BSF    0B.7
.................... 	// envia uma seqüência de 3 vezes 0x03 
.................... 	// e depois 0x02 para configurar o módulo 
.................... 	// para modo de 4 bits 
.................... 	for(conta=1;conta<=3;++conta) 
02B9:  MOVLW  01
02BA:  MOVWF  6E
02BB:  MOVF   6E,W
02BC:  SUBLW  03
02BD:  BTFSS  03.0
02BE:  GOTO   2D1
.................... 	{ 
.................... 		lcd_envia_nibble(3); 
02BF:  MOVLW  03
02C0:  BSF    03.5
02C1:  MOVWF  27
02C2:  BCF    03.5
02C3:  CALL   23C
02C4:  CLRF   2B
02C5:  BTFSC  0B.7
02C6:  BSF    2B.7
02C7:  BCF    0B.7
.................... 		delay_ms(5); 
02C8:  MOVLW  05
02C9:  BSF    03.5
02CA:  MOVWF  2B
02CB:  BCF    03.5
02CC:  CALL   057
02CD:  BTFSC  2B.7
02CE:  BSF    0B.7
02CF:  INCF   6E,F
02D0:  GOTO   2BB
.................... 	} 
.................... 	lcd_envia_nibble(2); 
02D1:  MOVLW  02
02D2:  BSF    03.5
02D3:  MOVWF  27
02D4:  BCF    03.5
02D5:  CALL   23C
.................... 	// envia string de inicialização do display 
.................... 	for(conta=0;conta<=3;++conta) lcd_envia_byte(0,INI_LCD[conta]); 
02D6:  CLRF   6E
02D7:  MOVF   6E,W
02D8:  SUBLW  03
02D9:  BTFSS  03.0
02DA:  GOTO   2E8
02DB:  MOVF   6E,W
02DC:  CALL   04F
02DD:  MOVWF  6F
02DE:  BSF    03.5
02DF:  CLRF   24
02E0:  BCF    03.5
02E1:  MOVF   6F,W
02E2:  BSF    03.5
02E3:  MOVWF  25
02E4:  BCF    03.5
02E5:  CALL   26D
02E6:  INCF   6E,F
02E7:  GOTO   2D7
02E8:  BCF    0A.3
02E9:  BCF    0A.4
02EA:  GOTO   722 (RETURN)
.................... } 
....................  
.................... void lcd_pos_xy( byte x, byte y) 
.................... { 
....................    byte endereco; 
....................    if(y!=1) 
*
0310:  DECFSZ 21,W
0311:  GOTO   313
0312:  GOTO   316
....................    	endereco = lcd_seg_lin; 
0313:  MOVLW  40
0314:  MOVWF  22
0315:  GOTO   317
....................    else 
....................    	endereco = 0; 
0316:  CLRF   22
....................    endereco += x-1; 
0317:  MOVLW  01
0318:  SUBWF  20,W
0319:  ADDWF  22,F
....................    lcd_envia_byte(0,0x80|endereco); 
031A:  MOVF   22,W
031B:  IORLW  80
031C:  MOVWF  23
031D:  CLRF   24
031E:  MOVF   23,W
031F:  MOVWF  25
0320:  BCF    03.5
0321:  CALL   26D
.................... } 
....................  
.................... void lcd_escreve( char c) 
.................... // envia caractere para o display 
.................... { 
....................    switch (c) 
*
02EB:  MOVF   7E,W
02EC:  XORLW  0C
02ED:  BTFSC  03.2
02EE:  GOTO   2F9
02EF:  XORLW  06
02F0:  BTFSC  03.2
02F1:  GOTO   30B
02F2:  XORLW  07
02F3:  BTFSC  03.2
02F4:  GOTO   30B
02F5:  XORLW  05
02F6:  BTFSC  03.2
02F7:  GOTO   323
02F8:  GOTO   32A
.................... 	{ 
....................      case '\f' 	:	lcd_envia_byte(0,1); 
02F9:  BSF    03.5
02FA:  CLRF   24
02FB:  MOVLW  01
02FC:  MOVWF  25
02FD:  BCF    03.5
02FE:  CALL   26D
02FF:  CLRF   2B
0300:  BTFSC  0B.7
0301:  BSF    2B.7
0302:  BCF    0B.7
.................... 	  			delay_ms(2); 
0303:  MOVLW  02
0304:  BSF    03.5
0305:  MOVWF  2B
0306:  BCF    03.5
0307:  CALL   057
0308:  BTFSC  2B.7
0309:  BSF    0B.7
.................... 				break; 
030A:  GOTO   331
....................      case '\n'	: 
.................... 	  case '\r' 	:	lcd_pos_xy(1,2); 
030B:  MOVLW  01
030C:  BSF    03.5
030D:  MOVWF  20
030E:  MOVLW  02
030F:  MOVWF  21
.................... 	  			break; 
*
0322:  GOTO   331
....................      case '\b' 	:	lcd_envia_byte(0,0x10); 
0323:  BSF    03.5
0324:  CLRF   24
0325:  MOVLW  10
0326:  MOVWF  25
0327:  BCF    03.5
0328:  CALL   26D
.................... 	  			break; 
0329:  GOTO   331
....................      default	:	lcd_envia_byte(1,c); 
032A:  MOVLW  01
032B:  BSF    03.5
032C:  MOVWF  24
032D:  MOVF   7E,W
032E:  MOVWF  25
032F:  BCF    03.5
0330:  CALL   26D
.................... 	  			break; 
....................    } 
0331:  RETURN
.................... } 
....................  
.................... char lcd_le( byte x, byte y) 
.................... // le caractere do display 
.................... { 
.................... 	char valor; 
.................... 	// seleciona a posição do caractere 
.................... 	lcd_pos_xy(x,y); 
.................... 	// ativa rs 
.................... 	output_high(lcd_rs); 
.................... 	// lê o caractere 
.................... 	valor = lcd_le_byte(); 
.................... 	// desativa rs 
.................... 	output_low(lcd_rs); 
.................... 	// retorna o valor do caractere 
.................... 	return valor; 
.................... } 
....................  
.................... #include "kbd_ext_board2.c" 
.................... /*######################################################################  
....................  Rotina utilizaçãoo do teclado da placa PicSim board4 
....................  Adaptada para o compilador CCS 
....................  Autor: Alberto Willia Mascarenhas (adaptou para o compilador) 
....................  For e-mail suggestions : awmascarenhas@gmail.com 
.................... ######################################################################## */ 
....................  
.................... //Alterei os pinos das colunas para poder utilizar interrupcao pelo B0 
....................  
.................... //Keypad connection: 
.................... #define row0 PIN_B4 
.................... #define row1 PIN_B5 
.................... #define row2 PIN_B6 
.................... #define row3 PIN_B7 
.................... #define col0 PIN_B0 
.................... #define col1 PIN_B1 
.................... #define col2 PIN_B2 
.................... #define col3 PIN_B3 
....................  
....................  
.................... unsigned char tc_tecla(unsigned int timeout) 
*
0088:  CLRF   29
0089:  CLRF   2A
.................... { 
....................     unsigned int to=0; 
....................     unsigned char k = 0;  
....................     while(((to < timeout)||(!timeout))&&(!k)){ 
008A:  MOVF   28,W
008B:  SUBWF  29,W
008C:  BTFSS  03.0
008D:  GOTO   091
008E:  MOVF   28,F
008F:  BTFSS  03.2
0090:  GOTO   1D0
0091:  MOVF   2A,F
0092:  BTFSS  03.2
0093:  GOTO   1D0
....................        //------------------------------------------------------------------------- 
....................        //inicio do programa de varredura do teclado matricial 
....................        //-------------------------------------------------------------------------- 
....................        //habilita primeira coluna do teclado 
....................        output_low(col0);output_high(col1);output_high(col2);output_high(col3); 
0094:  BCF    06.0
0095:  BCF    03.5
0096:  BCF    06.0
0097:  BSF    03.5
0098:  BCF    06.1
0099:  BCF    03.5
009A:  BSF    06.1
009B:  BSF    03.5
009C:  BCF    06.2
009D:  BCF    03.5
009E:  BSF    06.2
009F:  BSF    03.5
00A0:  BCF    06.3
00A1:  BCF    03.5
00A2:  BSF    06.3
....................        delay_ms(5); 
00A3:  MOVLW  05
00A4:  BSF    03.5
00A5:  MOVWF  2B
00A6:  BCF    03.5
00A7:  CALL   057
....................         
....................        //So sai do while quando o usuario soltar o dedo do teclado 
....................        if (input(row0) == 0){while(input(row0) == 0);k='1';}; 
00A8:  BSF    03.5
00A9:  BSF    06.4
00AA:  BCF    03.5
00AB:  BTFSC  06.4
00AC:  GOTO   0B6
00AD:  BSF    03.5
00AE:  BSF    06.4
00AF:  BCF    03.5
00B0:  BTFSS  06.4
00B1:  GOTO   0AD
00B2:  MOVLW  31
00B3:  BSF    03.5
00B4:  MOVWF  2A
00B5:  BCF    03.5
....................        if (input(row1) == 0){while(input(row1) == 0);k='4';}; 
00B6:  BSF    03.5
00B7:  BSF    06.5
00B8:  BCF    03.5
00B9:  BTFSC  06.5
00BA:  GOTO   0C4
00BB:  BSF    03.5
00BC:  BSF    06.5
00BD:  BCF    03.5
00BE:  BTFSS  06.5
00BF:  GOTO   0BB
00C0:  MOVLW  34
00C1:  BSF    03.5
00C2:  MOVWF  2A
00C3:  BCF    03.5
....................        if (input(row2) == 0){while(input(row2) == 0);k='7';}; 
00C4:  BSF    03.5
00C5:  BSF    06.6
00C6:  BCF    03.5
00C7:  BTFSC  06.6
00C8:  GOTO   0D2
00C9:  BSF    03.5
00CA:  BSF    06.6
00CB:  BCF    03.5
00CC:  BTFSS  06.6
00CD:  GOTO   0C9
00CE:  MOVLW  37
00CF:  BSF    03.5
00D0:  MOVWF  2A
00D1:  BCF    03.5
....................        if (input(row3) == 0){while(input(row3) == 0);k='*';}; 
00D2:  BSF    03.5
00D3:  BSF    06.7
00D4:  BCF    03.5
00D5:  BTFSC  06.7
00D6:  GOTO   0E0
00D7:  BSF    03.5
00D8:  BSF    06.7
00D9:  BCF    03.5
00DA:  BTFSS  06.7
00DB:  GOTO   0D7
00DC:  MOVLW  2A
00DD:  BSF    03.5
00DE:  MOVWF  2A
00DF:  BCF    03.5
....................        //habilita segunda coluna do teclado 
....................        output_high(col0);output_low(col1);output_high(col2);output_high(col3); 
00E0:  BSF    03.5
00E1:  BCF    06.0
00E2:  BCF    03.5
00E3:  BSF    06.0
00E4:  BSF    03.5
00E5:  BCF    06.1
00E6:  BCF    03.5
00E7:  BCF    06.1
00E8:  BSF    03.5
00E9:  BCF    06.2
00EA:  BCF    03.5
00EB:  BSF    06.2
00EC:  BSF    03.5
00ED:  BCF    06.3
00EE:  BCF    03.5
00EF:  BSF    06.3
....................        delay_ms(5);  
00F0:  MOVLW  05
00F1:  BSF    03.5
00F2:  MOVWF  2B
00F3:  BCF    03.5
00F4:  CALL   057
....................        if (input(row0) == 0){while(input(row0) == 0);k='2';}; 
00F5:  BSF    03.5
00F6:  BSF    06.4
00F7:  BCF    03.5
00F8:  BTFSC  06.4
00F9:  GOTO   103
00FA:  BSF    03.5
00FB:  BSF    06.4
00FC:  BCF    03.5
00FD:  BTFSS  06.4
00FE:  GOTO   0FA
00FF:  MOVLW  32
0100:  BSF    03.5
0101:  MOVWF  2A
0102:  BCF    03.5
....................        if (input(row1) == 0){while(input(row1) == 0);k='5';}; 
0103:  BSF    03.5
0104:  BSF    06.5
0105:  BCF    03.5
0106:  BTFSC  06.5
0107:  GOTO   111
0108:  BSF    03.5
0109:  BSF    06.5
010A:  BCF    03.5
010B:  BTFSS  06.5
010C:  GOTO   108
010D:  MOVLW  35
010E:  BSF    03.5
010F:  MOVWF  2A
0110:  BCF    03.5
....................        if (input(row2) == 0){while(input(row2) == 0);k='8';}; 
0111:  BSF    03.5
0112:  BSF    06.6
0113:  BCF    03.5
0114:  BTFSC  06.6
0115:  GOTO   11F
0116:  BSF    03.5
0117:  BSF    06.6
0118:  BCF    03.5
0119:  BTFSS  06.6
011A:  GOTO   116
011B:  MOVLW  38
011C:  BSF    03.5
011D:  MOVWF  2A
011E:  BCF    03.5
....................        if (input(row3) == 0){while(input(row3) == 0);k='0';}; 
011F:  BSF    03.5
0120:  BSF    06.7
0121:  BCF    03.5
0122:  BTFSC  06.7
0123:  GOTO   12D
0124:  BSF    03.5
0125:  BSF    06.7
0126:  BCF    03.5
0127:  BTFSS  06.7
0128:  GOTO   124
0129:  MOVLW  30
012A:  BSF    03.5
012B:  MOVWF  2A
012C:  BCF    03.5
....................         
....................        //habilita terceira coluna do teclado 
....................        output_high(col0);output_high(col1);output_low(col2);output_high(col3); 
012D:  BSF    03.5
012E:  BCF    06.0
012F:  BCF    03.5
0130:  BSF    06.0
0131:  BSF    03.5
0132:  BCF    06.1
0133:  BCF    03.5
0134:  BSF    06.1
0135:  BSF    03.5
0136:  BCF    06.2
0137:  BCF    03.5
0138:  BCF    06.2
0139:  BSF    03.5
013A:  BCF    06.3
013B:  BCF    03.5
013C:  BSF    06.3
....................        delay_ms(5);  
013D:  MOVLW  05
013E:  BSF    03.5
013F:  MOVWF  2B
0140:  BCF    03.5
0141:  CALL   057
....................        if (input(row0) == 0){while(input(row0) == 0);k='3';}; 
0142:  BSF    03.5
0143:  BSF    06.4
0144:  BCF    03.5
0145:  BTFSC  06.4
0146:  GOTO   150
0147:  BSF    03.5
0148:  BSF    06.4
0149:  BCF    03.5
014A:  BTFSS  06.4
014B:  GOTO   147
014C:  MOVLW  33
014D:  BSF    03.5
014E:  MOVWF  2A
014F:  BCF    03.5
....................        if (input(row1) == 0){while(input(row1) == 0);k='6';}; 
0150:  BSF    03.5
0151:  BSF    06.5
0152:  BCF    03.5
0153:  BTFSC  06.5
0154:  GOTO   15E
0155:  BSF    03.5
0156:  BSF    06.5
0157:  BCF    03.5
0158:  BTFSS  06.5
0159:  GOTO   155
015A:  MOVLW  36
015B:  BSF    03.5
015C:  MOVWF  2A
015D:  BCF    03.5
....................        if (input(row2) == 0){while(input(row2) == 0);k='9';}; 
015E:  BSF    03.5
015F:  BSF    06.6
0160:  BCF    03.5
0161:  BTFSC  06.6
0162:  GOTO   16C
0163:  BSF    03.5
0164:  BSF    06.6
0165:  BCF    03.5
0166:  BTFSS  06.6
0167:  GOTO   163
0168:  MOVLW  39
0169:  BSF    03.5
016A:  MOVWF  2A
016B:  BCF    03.5
....................        if (input(row3) == 0){while(input(row3) == 0);k='#';}; 
016C:  BSF    03.5
016D:  BSF    06.7
016E:  BCF    03.5
016F:  BTFSC  06.7
0170:  GOTO   17A
0171:  BSF    03.5
0172:  BSF    06.7
0173:  BCF    03.5
0174:  BTFSS  06.7
0175:  GOTO   171
0176:  MOVLW  23
0177:  BSF    03.5
0178:  MOVWF  2A
0179:  BCF    03.5
....................         
....................        //habilita quarta coluna do teclado 
....................        output_high(col0);output_high(col1);output_high(col2);output_low(col3); 
017A:  BSF    03.5
017B:  BCF    06.0
017C:  BCF    03.5
017D:  BSF    06.0
017E:  BSF    03.5
017F:  BCF    06.1
0180:  BCF    03.5
0181:  BSF    06.1
0182:  BSF    03.5
0183:  BCF    06.2
0184:  BCF    03.5
0185:  BSF    06.2
0186:  BSF    03.5
0187:  BCF    06.3
0188:  BCF    03.5
0189:  BCF    06.3
....................        delay_ms(5);  
018A:  MOVLW  05
018B:  BSF    03.5
018C:  MOVWF  2B
018D:  BCF    03.5
018E:  CALL   057
....................        if (input(row0) == 0){while(input(row0) == 0);k='A';}; 
018F:  BSF    03.5
0190:  BSF    06.4
0191:  BCF    03.5
0192:  BTFSC  06.4
0193:  GOTO   19D
0194:  BSF    03.5
0195:  BSF    06.4
0196:  BCF    03.5
0197:  BTFSS  06.4
0198:  GOTO   194
0199:  MOVLW  41
019A:  BSF    03.5
019B:  MOVWF  2A
019C:  BCF    03.5
....................        if (input(row1) == 0){while(input(row1) == 0);k='B';}; 
019D:  BSF    03.5
019E:  BSF    06.5
019F:  BCF    03.5
01A0:  BTFSC  06.5
01A1:  GOTO   1AB
01A2:  BSF    03.5
01A3:  BSF    06.5
01A4:  BCF    03.5
01A5:  BTFSS  06.5
01A6:  GOTO   1A2
01A7:  MOVLW  42
01A8:  BSF    03.5
01A9:  MOVWF  2A
01AA:  BCF    03.5
....................        if (input(row2) == 0){while(input(row2) == 0);k='C';}; 
01AB:  BSF    03.5
01AC:  BSF    06.6
01AD:  BCF    03.5
01AE:  BTFSC  06.6
01AF:  GOTO   1B9
01B0:  BSF    03.5
01B1:  BSF    06.6
01B2:  BCF    03.5
01B3:  BTFSS  06.6
01B4:  GOTO   1B0
01B5:  MOVLW  43
01B6:  BSF    03.5
01B7:  MOVWF  2A
01B8:  BCF    03.5
....................        if (input(row3) == 0){while(input(row3) == 0);k='D';}; 
01B9:  BSF    03.5
01BA:  BSF    06.7
01BB:  BCF    03.5
01BC:  BTFSC  06.7
01BD:  GOTO   1C7
01BE:  BSF    03.5
01BF:  BSF    06.7
01C0:  BCF    03.5
01C1:  BTFSS  06.7
01C2:  GOTO   1BE
01C3:  MOVLW  44
01C4:  BSF    03.5
01C5:  MOVWF  2A
01C6:  BCF    03.5
....................         
....................        delay_ms(1); 
01C7:  MOVLW  01
01C8:  BSF    03.5
01C9:  MOVWF  2B
01CA:  BCF    03.5
01CB:  CALL   057
....................        to+=5; 
01CC:  MOVLW  05
01CD:  BSF    03.5
01CE:  ADDWF  29,F
01CF:  GOTO   08A
....................     } 
....................     if(!k)k=255; 
01D0:  MOVF   2A,F
01D1:  BTFSS  03.2
01D2:  GOTO   1D5
01D3:  MOVLW  FF
01D4:  MOVWF  2A
....................     return k;  
01D5:  MOVF   2A,W
01D6:  MOVWF  78
.................... } 
....................  
....................  
.................... unsigned char k; 
.................... unsigned int sol; 
....................  
.................... #INT_RB 
.................... void  RB_isr(void)  
.................... { 
....................    clear_interrupt(INT_RB); 
*
006B:  BCF    0B.0
....................    output_toggle(PIN_D0); 
006C:  BSF    03.5
006D:  BCF    08.0
006E:  MOVLW  01
006F:  BCF    03.5
0070:  XORWF  08,F
....................    //disable_interrupts(INT_RB); 
....................    if(!input(PIN_B4)||!input(PIN_B5)||!input(PIN_B6)||!input(PIN_B7)){ 
0071:  BSF    03.5
0072:  BSF    06.4
0073:  BCF    03.5
0074:  BTFSS  06.4
0075:  GOTO   085
0076:  BSF    03.5
0077:  BSF    06.5
0078:  BCF    03.5
0079:  BTFSS  06.5
007A:  GOTO   085
007B:  BSF    03.5
007C:  BSF    06.6
007D:  BCF    03.5
007E:  BTFSS  06.6
007F:  GOTO   085
0080:  BSF    03.5
0081:  BSF    06.7
0082:  BCF    03.5
0083:  BTFSC  06.7
0084:  GOTO   1EA
....................       //printf(lcd_escreve, "\fEntrando int"); 
....................       k = tc_tecla(15); 
0085:  MOVLW  0F
0086:  BSF    03.5
0087:  MOVWF  28
*
01D7:  MOVF   78,W
01D8:  BCF    03.5
01D9:  MOVWF  2C
....................       output_low(PIN_B0); 
01DA:  BSF    03.5
01DB:  BCF    06.0
01DC:  BCF    03.5
01DD:  BCF    06.0
....................       output_low(PIN_B1); 
01DE:  BSF    03.5
01DF:  BCF    06.1
01E0:  BCF    03.5
01E1:  BCF    06.1
....................       output_low(PIN_B2); 
01E2:  BSF    03.5
01E3:  BCF    06.2
01E4:  BCF    03.5
01E5:  BCF    06.2
....................       output_low(PIN_B3); 
01E6:  BSF    03.5
01E7:  BCF    06.3
01E8:  BCF    03.5
01E9:  BCF    06.3
....................       //printf(lcd_escreve, "\fSaindo int"); 
....................    } 
....................    //enable_interrupts(INT_RB); 
01EA:  BCF    0B.0
01EB:  BCF    0A.3
01EC:  BCF    0A.4
01ED:  GOTO   02B
.................... } 
....................  
.................... //tabelas de dados dos solenoides 
.................... unsigned int s1[4][4] = {{13,0,14,30}, 
....................                          {17,30,19,0}, 
....................                          {0,0,2,20}, 
....................                          {0,0,0,0}}; 
*
06B6:  MOVLW  0D
06B7:  BCF    03.5
06B8:  MOVWF  2E
06B9:  CLRF   2F
06BA:  MOVLW  0E
06BB:  MOVWF  30
06BC:  MOVLW  1E
06BD:  MOVWF  31
06BE:  MOVLW  11
06BF:  MOVWF  32
06C0:  MOVLW  1E
06C1:  MOVWF  33
06C2:  MOVLW  13
06C3:  MOVWF  34
06C4:  CLRF   35
06C5:  CLRF   36
06C6:  CLRF   37
06C7:  MOVLW  02
06C8:  MOVWF  38
06C9:  MOVLW  14
06CA:  MOVWF  39
06CB:  CLRF   3A
06CC:  CLRF   3B
06CD:  CLRF   3C
06CE:  CLRF   3D
....................                           
.................... unsigned int s2[4][4] = {{0,0,0,0}, 
....................                          {0,0,0,0}, 
....................                          {0,0,0,0}, 
....................                          {0,0,0,0}}; 
06CF:  CLRF   3E
06D0:  CLRF   3F
06D1:  CLRF   40
06D2:  CLRF   41
06D3:  CLRF   42
06D4:  CLRF   43
06D5:  CLRF   44
06D6:  CLRF   45
06D7:  CLRF   46
06D8:  CLRF   47
06D9:  CLRF   48
06DA:  CLRF   49
06DB:  CLRF   4A
06DC:  CLRF   4B
06DD:  CLRF   4C
06DE:  CLRF   4D
....................                           
.................... unsigned int s3[4][4] = {{0,0,0,0}, 
....................                          {0,0,0,0}, 
....................                          {0,0,0,0}, 
....................                          {0,0,0,0}}; 
06DF:  CLRF   4E
06E0:  CLRF   4F
06E1:  CLRF   50
06E2:  CLRF   51
06E3:  CLRF   52
06E4:  CLRF   53
06E5:  CLRF   54
06E6:  CLRF   55
06E7:  CLRF   56
06E8:  CLRF   57
06E9:  CLRF   58
06EA:  CLRF   59
06EB:  CLRF   5A
06EC:  CLRF   5B
06ED:  CLRF   5C
06EE:  CLRF   5D
....................                           
.................... unsigned int s4[4][4] = {{0,0,0,0}, 
....................                          {0,0,0,0}, 
....................                          {0,0,0,0}, 
....................                          {0,0,0,0}}; 
06EF:  CLRF   5E
06F0:  CLRF   5F
06F1:  CLRF   60
06F2:  CLRF   61
06F3:  CLRF   62
06F4:  CLRF   63
06F5:  CLRF   64
06F6:  CLRF   65
06F7:  CLRF   66
06F8:  CLRF   67
06F9:  CLRF   68
06FA:  CLRF   69
06FB:  CLRF   6A
06FC:  CLRF   6B
06FD:  CLRF   6C
06FE:  CLRF   6D
....................                           
....................  
....................  
.................... void sol1(){ 
*
0427:  CLRF   6E
0428:  BSF    6F.0
....................    unsigned int i = 0; 
....................    int1 f = 1; 
....................    while(f){ 
0429:  BTFSS  6F.0
042A:  GOTO   4C0
....................       printf(lcd_escreve, "\fSol1 T%u\n%02u:%02u-%02u:%02u",(i+1), s1[i][0], s1[i][1], s1[i][2], s1[i][3]); 
042B:  MOVLW  01
042C:  ADDWF  6E,W
042D:  MOVWF  70
042E:  RLF    6E,W
042F:  MOVWF  77
0430:  RLF    77,F
0431:  MOVLW  FC
0432:  ANDWF  77,F
0433:  MOVF   77,W
0434:  ADDLW  2E
0435:  MOVWF  04
0436:  BCF    03.7
0437:  MOVF   00,W
0438:  MOVWF  71
0439:  RLF    6E,W
043A:  MOVWF  77
043B:  RLF    77,F
043C:  MOVLW  FC
043D:  ANDWF  77,F
043E:  MOVF   77,W
043F:  ADDLW  01
0440:  ADDLW  2E
0441:  MOVWF  04
0442:  BCF    03.7
0443:  MOVF   00,W
0444:  MOVWF  72
0445:  RLF    6E,W
0446:  MOVWF  77
0447:  RLF    77,F
0448:  MOVLW  FC
0449:  ANDWF  77,F
044A:  MOVF   77,W
044B:  ADDLW  02
044C:  ADDLW  2E
044D:  MOVWF  04
044E:  BCF    03.7
044F:  MOVF   00,W
0450:  MOVWF  73
0451:  RLF    6E,W
0452:  MOVWF  77
0453:  RLF    77,F
0454:  MOVLW  FC
0455:  ANDWF  77,F
0456:  MOVF   77,W
0457:  ADDLW  03
0458:  ADDLW  2E
0459:  MOVWF  04
045A:  BCF    03.7
045B:  MOVF   00,W
045C:  MOVWF  74
045D:  MOVLW  EE
045E:  BSF    03.6
045F:  MOVWF  0D
0460:  MOVLW  01
0461:  MOVWF  0F
0462:  BCF    03.0
0463:  MOVLW  07
0464:  MOVWF  75
0465:  BCF    03.6
0466:  CALL   387
0467:  MOVF   70,W
0468:  MOVWF  75
0469:  MOVLW  1B
046A:  MOVWF  76
046B:  CALL   3F2
046C:  MOVLW  0A
046D:  MOVWF  7E
046E:  CALL   2EB
046F:  MOVF   71,W
0470:  MOVWF  75
0471:  MOVLW  01
0472:  MOVWF  76
0473:  CALL   3F2
0474:  MOVLW  3A
0475:  MOVWF  7E
0476:  CALL   2EB
0477:  MOVF   72,W
0478:  MOVWF  75
0479:  MOVLW  01
047A:  MOVWF  76
047B:  CALL   3F2
047C:  MOVLW  2D
047D:  MOVWF  7E
047E:  CALL   2EB
047F:  MOVF   73,W
0480:  MOVWF  75
0481:  MOVLW  01
0482:  MOVWF  76
0483:  CALL   3F2
0484:  MOVLW  3A
0485:  MOVWF  7E
0486:  CALL   2EB
0487:  MOVF   74,W
0488:  MOVWF  75
0489:  MOVLW  01
048A:  MOVWF  76
048B:  CALL   3F2
....................       if(k=='D'&&i<3){ 
048C:  MOVF   2C,W
048D:  SUBLW  44
048E:  BTFSS  03.2
048F:  GOTO   498
0490:  MOVF   6E,W
0491:  SUBLW  02
0492:  BTFSS  03.0
0493:  GOTO   498
....................          //printf(lcd_escreve, "\fEntrou D"); 
....................          i++;  
0494:  INCF   6E,F
....................          k = 255; 
0495:  MOVLW  FF
0496:  MOVWF  2C
....................       }else if(k=='C'&&i>0){ 
0497:  GOTO   4AF
0498:  MOVF   2C,W
0499:  SUBLW  43
049A:  BTFSS  03.2
049B:  GOTO   4A3
049C:  MOVF   6E,F
049D:  BTFSC  03.2
049E:  GOTO   4A3
....................          //printf(lcd_escreve, "\fEntrou C"); 
....................          i--; 
049F:  DECF   6E,F
....................          k = 255;  
04A0:  MOVLW  FF
04A1:  MOVWF  2C
....................       }else if(k=='A'){ 
04A2:  GOTO   4AF
04A3:  MOVF   2C,W
04A4:  SUBLW  41
04A5:  BTFSS  03.2
04A6:  GOTO   4AD
....................          sol = 2; 
04A7:  MOVLW  02
04A8:  MOVWF  2D
....................          k = 255; 
04A9:  MOVLW  FF
04AA:  MOVWF  2C
....................          f = 0; 
04AB:  BCF    6F.0
....................       }else k=255; 
04AC:  GOTO   4AF
04AD:  MOVLW  FF
04AE:  MOVWF  2C
04AF:  CLRF   2B
04B0:  BTFSC  0B.7
04B1:  BSF    2B.7
04B2:  BCF    0B.7
....................       delay_ms(150); 
04B3:  MOVLW  96
04B4:  BSF    03.5
04B5:  MOVWF  2B
04B6:  BCF    03.5
04B7:  CALL   057
04B8:  BTFSC  2B.7
04B9:  BSF    0B.7
....................       output_toggle(PIN_D1); 
04BA:  BSF    03.5
04BB:  BCF    08.1
04BC:  MOVLW  02
04BD:  BCF    03.5
04BE:  XORWF  08,F
04BF:  GOTO   429
....................    }  
04C0:  BCF    0A.3
04C1:  BCF    0A.4
04C2:  GOTO   739 (RETURN)
.................... } 
....................  
.................... void sol2(){ 
04C3:  CLRF   6E
04C4:  BSF    6F.0
....................    unsigned int i = 0; 
....................    int1 f = 1; 
....................    while(f){ 
04C5:  BTFSS  6F.0
04C6:  GOTO   566
....................       printf(lcd_escreve, "\fSol2 T%u\n%02u:%02u-%02u:%02u",(i+1), s2[i][0], s2[i][1], s2[i][2], s2[i][3]); 
04C7:  MOVLW  01
04C8:  ADDWF  6E,W
04C9:  MOVWF  70
04CA:  RLF    6E,W
04CB:  MOVWF  77
04CC:  RLF    77,F
04CD:  MOVLW  FC
04CE:  ANDWF  77,F
04CF:  MOVF   77,W
04D0:  ADDLW  3E
04D1:  MOVWF  04
04D2:  BCF    03.7
04D3:  MOVF   00,W
04D4:  MOVWF  71
04D5:  RLF    6E,W
04D6:  MOVWF  77
04D7:  RLF    77,F
04D8:  MOVLW  FC
04D9:  ANDWF  77,F
04DA:  MOVF   77,W
04DB:  ADDLW  01
04DC:  ADDLW  3E
04DD:  MOVWF  04
04DE:  BCF    03.7
04DF:  MOVF   00,W
04E0:  MOVWF  72
04E1:  RLF    6E,W
04E2:  MOVWF  77
04E3:  RLF    77,F
04E4:  MOVLW  FC
04E5:  ANDWF  77,F
04E6:  MOVF   77,W
04E7:  ADDLW  02
04E8:  ADDLW  3E
04E9:  MOVWF  04
04EA:  BCF    03.7
04EB:  MOVF   00,W
04EC:  MOVWF  73
04ED:  RLF    6E,W
04EE:  MOVWF  77
04EF:  RLF    77,F
04F0:  MOVLW  FC
04F1:  ANDWF  77,F
04F2:  MOVF   77,W
04F3:  ADDLW  03
04F4:  ADDLW  3E
04F5:  MOVWF  04
04F6:  BCF    03.7
04F7:  MOVF   00,W
04F8:  MOVWF  74
04F9:  MOVLW  FD
04FA:  BSF    03.6
04FB:  MOVWF  0D
04FC:  MOVLW  01
04FD:  MOVWF  0F
04FE:  BCF    03.0
04FF:  MOVLW  07
0500:  MOVWF  75
0501:  BCF    03.6
0502:  CALL   387
0503:  MOVF   70,W
0504:  MOVWF  75
0505:  MOVLW  1B
0506:  MOVWF  76
0507:  CALL   3F2
0508:  MOVLW  0A
0509:  MOVWF  7E
050A:  CALL   2EB
050B:  MOVF   71,W
050C:  MOVWF  75
050D:  MOVLW  01
050E:  MOVWF  76
050F:  CALL   3F2
0510:  MOVLW  3A
0511:  MOVWF  7E
0512:  CALL   2EB
0513:  MOVF   72,W
0514:  MOVWF  75
0515:  MOVLW  01
0516:  MOVWF  76
0517:  CALL   3F2
0518:  MOVLW  2D
0519:  MOVWF  7E
051A:  CALL   2EB
051B:  MOVF   73,W
051C:  MOVWF  75
051D:  MOVLW  01
051E:  MOVWF  76
051F:  CALL   3F2
0520:  MOVLW  3A
0521:  MOVWF  7E
0522:  CALL   2EB
0523:  MOVF   74,W
0524:  MOVWF  75
0525:  MOVLW  01
0526:  MOVWF  76
0527:  CALL   3F2
....................       if(k=='D'&&i<3){ 
0528:  MOVF   2C,W
0529:  SUBLW  44
052A:  BTFSS  03.2
052B:  GOTO   534
052C:  MOVF   6E,W
052D:  SUBLW  02
052E:  BTFSS  03.0
052F:  GOTO   534
....................          //printf(lcd_escreve, "\fEntrou D"); 
....................          i++;  
0530:  INCF   6E,F
....................          k = 255; 
0531:  MOVLW  FF
0532:  MOVWF  2C
....................       }else if(k=='C'&&i>0){ 
0533:  GOTO   555
0534:  MOVF   2C,W
0535:  SUBLW  43
0536:  BTFSS  03.2
0537:  GOTO   53F
0538:  MOVF   6E,F
0539:  BTFSC  03.2
053A:  GOTO   53F
....................          //printf(lcd_escreve, "\fEntrou C"); 
....................          i--; 
053B:  DECF   6E,F
....................          k = 255;  
053C:  MOVLW  FF
053D:  MOVWF  2C
....................       }else if(k=='A'){ 
053E:  GOTO   555
053F:  MOVF   2C,W
0540:  SUBLW  41
0541:  BTFSS  03.2
0542:  GOTO   549
....................          sol = 3; 
0543:  MOVLW  03
0544:  MOVWF  2D
....................          k = 255; 
0545:  MOVLW  FF
0546:  MOVWF  2C
....................          f = 0; 
0547:  BCF    6F.0
....................       }else if(k=='B'){ 
0548:  GOTO   555
0549:  MOVF   2C,W
054A:  SUBLW  42
054B:  BTFSS  03.2
054C:  GOTO   553
....................          sol = 1; 
054D:  MOVLW  01
054E:  MOVWF  2D
....................          k = 255; 
054F:  MOVLW  FF
0550:  MOVWF  2C
....................          f = 0; 
0551:  BCF    6F.0
....................       }else k=255; 
0552:  GOTO   555
0553:  MOVLW  FF
0554:  MOVWF  2C
0555:  CLRF   2B
0556:  BTFSC  0B.7
0557:  BSF    2B.7
0558:  BCF    0B.7
....................       delay_ms(150); 
0559:  MOVLW  96
055A:  BSF    03.5
055B:  MOVWF  2B
055C:  BCF    03.5
055D:  CALL   057
055E:  BTFSC  2B.7
055F:  BSF    0B.7
....................       output_toggle(PIN_D1); 
0560:  BSF    03.5
0561:  BCF    08.1
0562:  MOVLW  02
0563:  BCF    03.5
0564:  XORWF  08,F
0565:  GOTO   4C5
....................    }  
0566:  BCF    0A.3
0567:  BCF    0A.4
0568:  GOTO   73F (RETURN)
.................... } 
....................  
.................... void sol3(){ 
0569:  CLRF   6E
056A:  BSF    6F.0
....................    unsigned int i = 0; 
....................    int1 f = 1; 
....................    while(f){ 
056B:  BTFSS  6F.0
056C:  GOTO   60C
....................       printf(lcd_escreve, "\fSol3 T%u\n%02u:%02u-%02u:%02u",(i+1), s3[i][0], s3[i][1], s3[i][2], s3[i][3]); 
056D:  MOVLW  01
056E:  ADDWF  6E,W
056F:  MOVWF  70
0570:  RLF    6E,W
0571:  MOVWF  77
0572:  RLF    77,F
0573:  MOVLW  FC
0574:  ANDWF  77,F
0575:  MOVF   77,W
0576:  ADDLW  4E
0577:  MOVWF  04
0578:  BCF    03.7
0579:  MOVF   00,W
057A:  MOVWF  71
057B:  RLF    6E,W
057C:  MOVWF  77
057D:  RLF    77,F
057E:  MOVLW  FC
057F:  ANDWF  77,F
0580:  MOVF   77,W
0581:  ADDLW  01
0582:  ADDLW  4E
0583:  MOVWF  04
0584:  BCF    03.7
0585:  MOVF   00,W
0586:  MOVWF  72
0587:  RLF    6E,W
0588:  MOVWF  77
0589:  RLF    77,F
058A:  MOVLW  FC
058B:  ANDWF  77,F
058C:  MOVF   77,W
058D:  ADDLW  02
058E:  ADDLW  4E
058F:  MOVWF  04
0590:  BCF    03.7
0591:  MOVF   00,W
0592:  MOVWF  73
0593:  RLF    6E,W
0594:  MOVWF  77
0595:  RLF    77,F
0596:  MOVLW  FC
0597:  ANDWF  77,F
0598:  MOVF   77,W
0599:  ADDLW  03
059A:  ADDLW  4E
059B:  MOVWF  04
059C:  BCF    03.7
059D:  MOVF   00,W
059E:  MOVWF  74
059F:  MOVLW  0C
05A0:  BSF    03.6
05A1:  MOVWF  0D
05A2:  MOVLW  02
05A3:  MOVWF  0F
05A4:  BCF    03.0
05A5:  MOVLW  07
05A6:  MOVWF  75
05A7:  BCF    03.6
05A8:  CALL   387
05A9:  MOVF   70,W
05AA:  MOVWF  75
05AB:  MOVLW  1B
05AC:  MOVWF  76
05AD:  CALL   3F2
05AE:  MOVLW  0A
05AF:  MOVWF  7E
05B0:  CALL   2EB
05B1:  MOVF   71,W
05B2:  MOVWF  75
05B3:  MOVLW  01
05B4:  MOVWF  76
05B5:  CALL   3F2
05B6:  MOVLW  3A
05B7:  MOVWF  7E
05B8:  CALL   2EB
05B9:  MOVF   72,W
05BA:  MOVWF  75
05BB:  MOVLW  01
05BC:  MOVWF  76
05BD:  CALL   3F2
05BE:  MOVLW  2D
05BF:  MOVWF  7E
05C0:  CALL   2EB
05C1:  MOVF   73,W
05C2:  MOVWF  75
05C3:  MOVLW  01
05C4:  MOVWF  76
05C5:  CALL   3F2
05C6:  MOVLW  3A
05C7:  MOVWF  7E
05C8:  CALL   2EB
05C9:  MOVF   74,W
05CA:  MOVWF  75
05CB:  MOVLW  01
05CC:  MOVWF  76
05CD:  CALL   3F2
....................       if(k=='D'&&i<3){ 
05CE:  MOVF   2C,W
05CF:  SUBLW  44
05D0:  BTFSS  03.2
05D1:  GOTO   5DA
05D2:  MOVF   6E,W
05D3:  SUBLW  02
05D4:  BTFSS  03.0
05D5:  GOTO   5DA
....................          //printf(lcd_escreve, "\fEntrou D"); 
....................          i++;  
05D6:  INCF   6E,F
....................          k = 255; 
05D7:  MOVLW  FF
05D8:  MOVWF  2C
....................       }else if(k=='C'&&i>0){ 
05D9:  GOTO   5FB
05DA:  MOVF   2C,W
05DB:  SUBLW  43
05DC:  BTFSS  03.2
05DD:  GOTO   5E5
05DE:  MOVF   6E,F
05DF:  BTFSC  03.2
05E0:  GOTO   5E5
....................          //printf(lcd_escreve, "\fEntrou C"); 
....................          i--; 
05E1:  DECF   6E,F
....................          k = 255; 
05E2:  MOVLW  FF
05E3:  MOVWF  2C
....................       }else if(k=='A'){ 
05E4:  GOTO   5FB
05E5:  MOVF   2C,W
05E6:  SUBLW  41
05E7:  BTFSS  03.2
05E8:  GOTO   5EF
....................          sol = 4; 
05E9:  MOVLW  04
05EA:  MOVWF  2D
....................          k = 255; 
05EB:  MOVLW  FF
05EC:  MOVWF  2C
....................          f = 0; 
05ED:  BCF    6F.0
....................       }else if(k=='B'){ 
05EE:  GOTO   5FB
05EF:  MOVF   2C,W
05F0:  SUBLW  42
05F1:  BTFSS  03.2
05F2:  GOTO   5F9
....................          sol = 2; 
05F3:  MOVLW  02
05F4:  MOVWF  2D
....................          k = 255; 
05F5:  MOVLW  FF
05F6:  MOVWF  2C
....................          f = 0; 
05F7:  BCF    6F.0
....................       }else k=255; 
05F8:  GOTO   5FB
05F9:  MOVLW  FF
05FA:  MOVWF  2C
05FB:  CLRF   2B
05FC:  BTFSC  0B.7
05FD:  BSF    2B.7
05FE:  BCF    0B.7
....................       delay_ms(150); 
05FF:  MOVLW  96
0600:  BSF    03.5
0601:  MOVWF  2B
0602:  BCF    03.5
0603:  CALL   057
0604:  BTFSC  2B.7
0605:  BSF    0B.7
....................       output_toggle(PIN_D1); 
0606:  BSF    03.5
0607:  BCF    08.1
0608:  MOVLW  02
0609:  BCF    03.5
060A:  XORWF  08,F
060B:  GOTO   56B
....................    }  
060C:  BCF    0A.3
060D:  BCF    0A.4
060E:  GOTO   745 (RETURN)
.................... } 
....................  
.................... void sol4(){ 
060F:  CLRF   6E
0610:  BSF    6F.0
....................    unsigned int i = 0; 
....................    int1 f = 1; 
....................    while(f){ 
0611:  BTFSS  6F.0
0612:  GOTO   6A8
....................       printf(lcd_escreve, "\fSol4 T%u\n%02u:%02u-%02u:%02u",(i+1), s4[i][0], s4[i][1], s4[i][2], s4[i][3]); 
0613:  MOVLW  01
0614:  ADDWF  6E,W
0615:  MOVWF  70
0616:  RLF    6E,W
0617:  MOVWF  77
0618:  RLF    77,F
0619:  MOVLW  FC
061A:  ANDWF  77,F
061B:  MOVF   77,W
061C:  ADDLW  5E
061D:  MOVWF  04
061E:  BCF    03.7
061F:  MOVF   00,W
0620:  MOVWF  71
0621:  RLF    6E,W
0622:  MOVWF  77
0623:  RLF    77,F
0624:  MOVLW  FC
0625:  ANDWF  77,F
0626:  MOVF   77,W
0627:  ADDLW  01
0628:  ADDLW  5E
0629:  MOVWF  04
062A:  BCF    03.7
062B:  MOVF   00,W
062C:  MOVWF  72
062D:  RLF    6E,W
062E:  MOVWF  77
062F:  RLF    77,F
0630:  MOVLW  FC
0631:  ANDWF  77,F
0632:  MOVF   77,W
0633:  ADDLW  02
0634:  ADDLW  5E
0635:  MOVWF  04
0636:  BCF    03.7
0637:  MOVF   00,W
0638:  MOVWF  73
0639:  RLF    6E,W
063A:  MOVWF  77
063B:  RLF    77,F
063C:  MOVLW  FC
063D:  ANDWF  77,F
063E:  MOVF   77,W
063F:  ADDLW  03
0640:  ADDLW  5E
0641:  MOVWF  04
0642:  BCF    03.7
0643:  MOVF   00,W
0644:  MOVWF  74
0645:  MOVLW  1B
0646:  BSF    03.6
0647:  MOVWF  0D
0648:  MOVLW  02
0649:  MOVWF  0F
064A:  BCF    03.0
064B:  MOVLW  07
064C:  MOVWF  75
064D:  BCF    03.6
064E:  CALL   387
064F:  MOVF   70,W
0650:  MOVWF  75
0651:  MOVLW  1B
0652:  MOVWF  76
0653:  CALL   3F2
0654:  MOVLW  0A
0655:  MOVWF  7E
0656:  CALL   2EB
0657:  MOVF   71,W
0658:  MOVWF  75
0659:  MOVLW  01
065A:  MOVWF  76
065B:  CALL   3F2
065C:  MOVLW  3A
065D:  MOVWF  7E
065E:  CALL   2EB
065F:  MOVF   72,W
0660:  MOVWF  75
0661:  MOVLW  01
0662:  MOVWF  76
0663:  CALL   3F2
0664:  MOVLW  2D
0665:  MOVWF  7E
0666:  CALL   2EB
0667:  MOVF   73,W
0668:  MOVWF  75
0669:  MOVLW  01
066A:  MOVWF  76
066B:  CALL   3F2
066C:  MOVLW  3A
066D:  MOVWF  7E
066E:  CALL   2EB
066F:  MOVF   74,W
0670:  MOVWF  75
0671:  MOVLW  01
0672:  MOVWF  76
0673:  CALL   3F2
....................       if(k=='D'&&i<3){ 
0674:  MOVF   2C,W
0675:  SUBLW  44
0676:  BTFSS  03.2
0677:  GOTO   680
0678:  MOVF   6E,W
0679:  SUBLW  02
067A:  BTFSS  03.0
067B:  GOTO   680
....................          //printf(lcd_escreve, "\fEntrou D"); 
....................          i++;  
067C:  INCF   6E,F
....................          k = 255; 
067D:  MOVLW  FF
067E:  MOVWF  2C
....................       }else if(k=='C'&&i>0){ 
067F:  GOTO   697
0680:  MOVF   2C,W
0681:  SUBLW  43
0682:  BTFSS  03.2
0683:  GOTO   68B
0684:  MOVF   6E,F
0685:  BTFSC  03.2
0686:  GOTO   68B
....................          //printf(lcd_escreve, "\fEntrou C"); 
....................          i--; 
0687:  DECF   6E,F
....................          k = 255;  
0688:  MOVLW  FF
0689:  MOVWF  2C
....................       }else if(k=='B'){ 
068A:  GOTO   697
068B:  MOVF   2C,W
068C:  SUBLW  42
068D:  BTFSS  03.2
068E:  GOTO   695
....................          sol = 3; 
068F:  MOVLW  03
0690:  MOVWF  2D
....................          k = 255; 
0691:  MOVLW  FF
0692:  MOVWF  2C
....................          f = 0; 
0693:  BCF    6F.0
....................       }else k=255; 
0694:  GOTO   697
0695:  MOVLW  FF
0696:  MOVWF  2C
0697:  CLRF   2B
0698:  BTFSC  0B.7
0699:  BSF    2B.7
069A:  BCF    0B.7
....................       delay_ms(150); 
069B:  MOVLW  96
069C:  BSF    03.5
069D:  MOVWF  2B
069E:  BCF    03.5
069F:  CALL   057
06A0:  BTFSC  2B.7
06A1:  BSF    0B.7
....................       output_toggle(PIN_D1); 
06A2:  BSF    03.5
06A3:  BCF    08.1
06A4:  MOVLW  02
06A5:  BCF    03.5
06A6:  XORWF  08,F
06A7:  GOTO   611
....................    }  
06A8:  BCF    0A.3
06A9:  BCF    0A.4
06AA:  GOTO   74B (RETURN)
.................... } 
....................  
.................... void main() 
06AB:  MOVF   03,W
06AC:  ANDLW  1F
06AD:  MOVWF  03
06AE:  BSF    03.5
06AF:  BSF    1F.0
06B0:  BSF    1F.1
06B1:  BSF    1F.2
06B2:  BCF    1F.3
06B3:  MOVLW  07
06B4:  MOVWF  1C
06B5:  BCF    03.7
.................... { 
....................    //setando portas b 
....................    set_tris_b(0xF0); 
*
06FF:  MOVLW  F0
0700:  BSF    03.5
0701:  MOVWF  06
....................    port_b_pullups(true); 
0702:  BCF    01.7
....................    output_low(PIN_B0); 
0703:  BCF    06.0
0704:  BCF    03.5
0705:  BCF    06.0
....................    output_low(PIN_B1); 
0706:  BSF    03.5
0707:  BCF    06.1
0708:  BCF    03.5
0709:  BCF    06.1
....................    output_low(PIN_B2); 
070A:  BSF    03.5
070B:  BCF    06.2
070C:  BCF    03.5
070D:  BCF    06.2
....................    output_low(PIN_B3); 
070E:  BSF    03.5
070F:  BCF    06.3
0710:  BCF    03.5
0711:  BCF    06.3
....................     
....................    clear_interrupt(INT_RB); 
0712:  BCF    0B.0
....................    enable_interrupts(INT_RB); 
0713:  BSF    0B.3
....................    enable_interrupts(GLOBAL); 
0714:  MOVLW  C0
0715:  IORWF  0B,F
0716:  CLRF   2B
0717:  BTFSC  0B.7
0718:  BSF    2B.7
0719:  BCF    0B.7
....................     
....................    delay_ms(100); 
071A:  MOVLW  64
071B:  BSF    03.5
071C:  MOVWF  2B
071D:  BCF    03.5
071E:  CALL   057
071F:  BTFSC  2B.7
0720:  BSF    0B.7
....................    lcd_ini(); 
0721:  GOTO   296
0722:  CLRF   2B
0723:  BTFSC  0B.7
0724:  BSF    2B.7
0725:  BCF    0B.7
....................    delay_ms(100); 
0726:  MOVLW  64
0727:  BSF    03.5
0728:  MOVWF  2B
0729:  BCF    03.5
072A:  CALL   057
072B:  BTFSC  2B.7
072C:  BSF    0B.7
....................    printf(lcd_escreve, "\fIFMT 2022"); 
072D:  MOVLW  2A
072E:  BSF    03.6
072F:  MOVWF  0D
0730:  MOVLW  02
0731:  MOVWF  0F
0732:  BCF    03.6
0733:  CALL   332
....................     
....................    sol = 1; 
0734:  MOVLW  01
0735:  MOVWF  2D
....................  
....................    while(TRUE) 
....................    { 
....................          if(sol == 1){ 
0736:  DECFSZ 2D,W
0737:  GOTO   73A
....................             sol1(); 
0738:  GOTO   427
....................          }else if(sol == 2){ 
0739:  GOTO   75E
073A:  MOVF   2D,W
073B:  SUBLW  02
073C:  BTFSS  03.2
073D:  GOTO   740
....................             sol2(); 
073E:  GOTO   4C3
....................          }else if(sol == 3){ 
073F:  GOTO   75E
0740:  MOVF   2D,W
0741:  SUBLW  03
0742:  BTFSS  03.2
0743:  GOTO   746
....................             sol3(); 
0744:  GOTO   569
....................          }else if(sol == 4){ 
0745:  GOTO   75E
0746:  MOVF   2D,W
0747:  SUBLW  04
0748:  BTFSS  03.2
0749:  GOTO   74C
....................             sol4(); 
074A:  GOTO   60F
....................          }else{ 
074B:  GOTO   75E
....................                printf(lcd_escreve, "\fERRO:\nNo Sol Selected"); 
074C:  MOVLW  30
074D:  BSF    03.6
074E:  MOVWF  0D
074F:  MOVLW  02
0750:  MOVWF  0F
0751:  BCF    03.6
0752:  CALL   332
0753:  CLRF   2B
0754:  BTFSC  0B.7
0755:  BSF    2B.7
0756:  BCF    0B.7
....................                delay_ms(200); 
0757:  MOVLW  C8
0758:  BSF    03.5
0759:  MOVWF  2B
075A:  BCF    03.5
075B:  CALL   057
075C:  BTFSC  2B.7
075D:  BSF    0B.7
....................          } 
075E:  GOTO   736
....................           
....................    } 
....................  
.................... } 
075F:  SLEEP

Configuration Fuses:
   Word  1: 3F32   HS NOWDT PUT NOBROWNOUT NOLVP NOCPD NOWRT NODEBUG NOPROTECT
