
ROM used:   988/8192 (12%)
            988/8192 (12%) including unused fragments

            1.0 Average locations per line
            4.3 Average locations per statement

RAM used:   20/368 (5%) at main() level
            36/368 (10%) worst case

Stack used: 6 worst case (4 in main + 2 for interrupts)
Stack size: 8

Lines Stmts  %   Files
----- ----- ---  -----
   87    34  15  main.c
  671     0   0  ..\..\..\..\..\..\..\..\..\..\Program Files (x86)\PICC\Devices\16F877A.h
  165    72  31  ..\..\..\..\..\..\..\..\..\..\Program Files (x86)\PICC\Drivers\mod_lcd.c
   68   123  54  kbd_ext_board2.c
----- -----
  991   229 Total

Page ROM  %  RAM   Vol Diff  Functions:
---- --- --- ---   --- ----  ----------
0     20   2    1             @delay_ms1
0      8   1    0             @const621
0     39   4    1   260  1.9  lcd_envia_nibble
0     33   3    3   176  2.7  lcd_envia_byte
0     73   7    2   433  4.3  lcd_ini
 Inline         4   186  5.5  lcd_pos_xy
0     61   6    1   290  4.1  lcd_escreve
 Inline         4  3587  6.5  tc_tecla
0    350  35    0   303  3.3  RB_isr
0    128  13    1   577  3.8  MAIN
0      6   1    0             @const653
0     86   9    4             @PSTRINGC7_637
0     10   1    0             @const655
0      6   1    0             @const656
0     89   9    5             @PSTRINGCN7_637
 Inline         0             @cinit1

Program metrics:
    Functions               8
    Statements              229
    Comments                212
    Volume (V)              7894
    Difficulty (D)          31.8
    Effort to implement (E) 251356
    Time to implement (T)   3 hours, 53 minutes
    Est Delivered Bugs (B)  1
    Cyclomatic Complexity   27
    Maintainability (MI)    130

 Segment     Used  Free
-----------  ----  ----
00000-00003     4  0  
00004-0004E    75  0  
0004F-007FF   909  1060  
00800-00FFF     0  2048  
01000-017FF     0  2048  
01800-01FFF     0  2048  



