
ROM used:   78/8192 (1%)
            78/8192 (1%) including unused fragments

            0.1 Average locations per line
            9.8 Average locations per statement

RAM used:   7/368 (2%) at main() level
            8/368 (2%) worst case

Stack used: 1 worst case (1 in main + 0 for interrupts)
Stack size: 8

Lines Stmts  %   Files
----- ----- ---  -----
   30     8 100  Pisca.c
  671     0   0  ..\..\..\..\..\..\..\..\..\..\Program Files (x86)\PICC\Devices\16F877A.h
----- -----
  701     8 Total

Page ROM  %  RAM   Vol Diff  Functions:
---- --- --- ---   --- ----  ----------
0     20  26    1             @delay_ms1
0     54  69    1   127  1.7  main
 Inline         0             @cinit1

Program metrics:
    Functions               1
    Statements              8
    Comments                127
    Volume (V)              132
    Difficulty (D)          1.5
    Effort to implement (E) 202
    Time to implement (T)   0 minutes
    Est Delivered Bugs (B)  0
    Cyclomatic Complexity   1
    Maintainability (MI)    63

 Segment     Used  Free
-----------  ----  ----
00000-00003     4  0  
00004-007FF    74  1970  
00800-00FFF     0  2048  
01000-017FF     0  2048  
01800-01FFF     0  2048  



