
ROM used:   797/8192 (10%)
            797/8192 (10%) including unused fragments

            0.8 Average locations per line
            3.7 Average locations per statement

RAM used:   7/368 (2%) at main() level
            20/368 (5%) worst case

Stack used: 4 worst case (4 in main + 0 for interrupts)
Stack size: 8

Lines Stmts  %   Files
----- ----- ---  -----
   59    18   8  main.c
  671     0   0  ..\..\..\..\..\..\..\..\..\..\Program Files (x86)\PICC\Devices\16F877A.h
  165    72  34  ..\..\..\..\..\..\..\..\..\..\Program Files (x86)\PICC\Drivers\mod_lcd.c
   68   123  58  myKeypad.c
----- -----
  963   213 Total

Page ROM  %  RAM   Vol Diff  Functions:
---- --- --- ---   --- ----  ----------
0     20   3    1             @delay_ms1
0      8   1    0             @const621
0     39   5    1   260  1.9  lcd_envia_nibble
0     33   4    3   176  2.7  lcd_envia_byte
0     61   8    2   433  4.3  lcd_ini
 Inline         4   186  5.5  lcd_pos_xy
0     55   7    1   290  4.1  lcd_escreve
0    296  37    4  3587  6.5  tc_tecla
0     84  11    1   428  3.7  MAIN
0      6   1    0             @const651
0     86  11    4             @PSTRINGC7_637
0     10   1    0             @const653
0      6   1    0             @const655
0     89  11    5             @PSTRINGCN7_637
 Inline         0             @cinit1

Program metrics:
    Functions               7
    Statements              213
    Comments                198
    Volume (V)              7058
    Difficulty (D)          28.5
    Effort to implement (E) 201316
    Time to implement (T)   3 hours, 6 minutes
    Est Delivered Bugs (B)  1
    Cyclomatic Complexity   26
    Maintainability (MI)    125

 Segment     Used  Free
-----------  ----  ----
00000-00003     4  0  
00004-007FF   793  1251  
00800-00FFF     0  2048  
01000-017FF     0  2048  
01800-01FFF     0  2048  



