
ROM used:   809/8192 (10%)
            809/8192 (10%) including unused fragments

            0.9 Average locations per line
            3.8 Average locations per statement

RAM used:   8/368 (2%) at main() level
            20/368 (5%) worst case

Stack used: 4 worst case (4 in main + 0 for interrupts)
Stack size: 8

Lines Stmts  %   Files
----- ----- ---  -----
   54    16   8  teclado.c
  671     0   0  ..\..\..\..\..\..\..\..\..\..\Program Files (x86)\PICC\Devices\16F877A.h
  165    72  34  ..\..\..\..\..\..\..\..\..\..\Program Files (x86)\PICC\Drivers\mod_lcd.c
   55   123  58  ..\..\..\..\..\..\..\..\..\..\Program Files (x86)\PICC\Drivers\kbd_ext_board2.c
----- -----
  945   211 Total

Page ROM  %  RAM   Vol Diff  Functions:
---- --- --- ---   --- ----  ----------
0     20   2    1             @delay_ms1
0      8   1    0             @const621
0     39   5    1   260  1.9  lcd_envia_nibble
0     33   4    3   176  2.7  lcd_envia_byte
0     61   8    2   433  4.3  lcd_ini
 Inline         4   186  5.5  lcd_pos_xy
0     55   7    1   290  4.1  lcd_escreve
0    296  37    4  3587  6.5  tc_tecla
0     86  11    2   401  4.1  MAIN
0      6   1    0             @const651
0     86  11    4             @PSTRINGC7_637
0     10   1    0             @const653
0      6   1    0             @const655
0     89  11    5             @PSTRINGCN7_637
0     10   1    0             @const658
 Inline         0             @cinit1

Program metrics:
    Functions               7
    Statements              211
    Comments                186
    Volume (V)              7020
    Difficulty (D)          28.9
    Effort to implement (E) 202933
    Time to implement (T)   3 hours, 8 minutes
    Est Delivered Bugs (B)  1
    Cyclomatic Complexity   26
    Maintainability (MI)    129

 Segment     Used  Free
-----------  ----  ----
00000-00003     4  0  
00004-007FF   805  1239  
00800-00FFF     0  2048  
01000-017FF     0  2048  
01800-01FFF     0  2048  



