
ROM used:   854/8192 (10%)
            854/8192 (10%) including unused fragments

            0.6 Average locations per line
            3.7 Average locations per statement

RAM used:   32/368 (9%) at main() level
            45/368 (12%) worst case

Stack used: 4 worst case (4 in main + 0 for interrupts)
Stack size: 8

Lines Stmts  %   Files
----- ----- ---  -----
   74    11   5  mainRTC.c
  671     0   0  ..\..\..\..\..\..\..\..\..\..\Program Files (x86)\PICC\Devices\16F877A.h
  165    72  31  ..\..\..\..\..\..\..\..\..\..\Program Files (x86)\PICC\Drivers\mod_lcd.c
  473   149  64  DS3231.c
  163     0   0  ..\..\..\..\..\..\..\..\..\..\Program Files (x86)\PICC\Drivers\stdint.h
----- -----
 1546   232 Total

Page ROM  %  RAM   Vol Diff  Functions:
---- --- --- ---   --- ----  ----------
0     20   2    1             @delay_ms1
0     16   2    1             @I2C_WRITEU_1
0     16   2    1             @I2C_READU_1
0      8   1    0             @const627
0     39   5    1   260  1.9  lcd_envia_nibble
0     33   4    3   176  2.7  lcd_envia_byte
0     61   7    2   433  4.3  lcd_ini
 Inline         4   186  5.5  lcd_pos_xy
0     55   6    1   290  4.1  lcd_escreve
0     53   6    3    75  2.8  bcd_to_decimal
 Inline         2             @MUL88
0     21   2    3             @DIV88
0     94  11    0  1099  4.4  RTC_Get
 Inline         2   151  1.7  RTC_Write_Reg
 Inline         2   254  3.2  RTC_Read_Reg
0     64   7    2   111  3.0  IntSqw_Set
0    122  14    3   300  3.1  MAIN
0      7   1    0             @const794
0     88  10    4             @PSTRINGC7_643
0     11   1    0             @const796
0     89  10    5             @PSTRINGCN7_643
0     53   6    2             @PRINTF_U_643
 Inline         0             @cinit1

Program metrics:
    Functions               11
    Statements              232
    Comments                349
    Volume (V)              5331
    Difficulty (D)          36.2
    Effort to implement (E) 192739
    Time to implement (T)   2 hours, 58 minutes
    Est Delivered Bugs (B)  1
    Cyclomatic Complexity   8
    Maintainability (MI)    121

 Segment     Used  Free
-----------  ----  ----
00000-00003     4  0  
00004-007FF   850  1194  
00800-00FFF     0  2048  
01000-017FF     0  2048  
01800-01FFF     0  2048  



