
ROM used:   158/8192 (2%)
            158/8192 (2%) including unused fragments

            0.2 Average locations per line
            9.3 Average locations per statement

RAM used:   14/368 (4%) at main() level
            15/368 (4%) worst case

Stack used: 2 worst case (1 in main + 1 for interrupts)
Stack size: 8

Lines Stmts  %   Files
----- ----- ---  -----
   38    17 100  main.c
  671     0   0  ..\..\..\..\..\..\..\..\..\..\Program Files (x86)\PICC\Devices\16F877A.h
----- -----
  709    17 Total

Page ROM  %  RAM   Vol Diff  Functions:
---- --- --- ---   --- ----  ----------
0     22  14    1             @delay_ms1
0     36  23    0   141  2.6  RB_isr
0     53  34    1   268  1.9  MAIN
 Inline         0             @cinit1

Program metrics:
    Functions               2
    Statements              17
    Comments                121
    Volume (V)              495
    Difficulty (D)          4.3
    Effort to implement (E) 2137
    Time to implement (T)   2 minutes
    Est Delivered Bugs (B)  0
    Cyclomatic Complexity   1
    Maintainability (MI)    83

 Segment     Used  Free
-----------  ----  ----
00000-00003     4  0  
00004-0002E    43  0  
0002F-007FF   111  1890  
00800-00FFF     0  2048  
01000-017FF     0  2048  
01800-01FFF     0  2048  



