
ROM used:   241/8192 (3%)
            241/8192 (3%) including unused fragments

            0.3 Average locations per line
            5.4 Average locations per statement

RAM used:   22/368 (6%) at main() level
            24/368 (7%) worst case

Stack used: 1 worst case (1 in main + 0 for interrupts)
Stack size: 8

Lines Stmts  %   Files
----- ----- ---  -----
   93    45 100  disp7.c
  708     0   0  ..\..\..\..\..\..\..\..\..\..\Program Files (x86)\PICCDEMO\Devices\16F877A.h
----- -----
  801    45 Total

Page ROM  %  RAM    Vol Diff  Functions:
---- --- --- ---    --- ----  ----------
0     20   8    1             @delay_ms1
0    196  81   17   1764  7.1  main
0     21   9    3             @DIV88
 Inline         0             @cinit1

Program metrics:
    Functions               1
    Statements              45
    Comments                152
    Volume (V)              1772
    Difficulty (D)          6.9
    Effort to implement (E) 12204
    Time to implement (T)   11 minutes
    Est Delivered Bugs (B)  0
    Cyclomatic Complexity   4
    Maintainability (MI)    82

 Segment     Used  Free
-----------  ----  ----
00000-00003     4  0  
00004-007FF   237  1807  
00800-00FFF     0  2048  
01000-017FF     0  2048  
01800-01FFF     0  2048  



