
ROM used:   2883/8192 (35%)
            2958/8192 (36%) including unused fragments

            1.0 Average locations per line
            10.7 Average locations per statement

RAM used:   10/368 (3%) at main() level
            74/368 (20%) worst case

Stack used: 3 worst case (3 in main + 0 for interrupts)
Stack size: 8

Lines Stmts  %   Files
----- ----- ---  -----
   31    11   4  ADConv.c
  708     0   0  ..\..\..\..\..\..\..\..\..\..\Program Files (x86)\PICCDEMO\Devices\16F877A.h
 2228   258  96  ..\..\..\..\..\..\..\..\..\..\Program Files (x86)\PICCDEMO\Drivers\math.h
----- -----
 2967   269 Total

Page ROM  %  RAM    Vol Diff  Functions:
---- --- --- ---    --- ----  ----------
0     22   1    1             @delay_ms1
0    401  14   20   1121 10.1  CEIL_FLOOR
0     63   2   10             @FLT
0     31   1    4             @SFTOI
0     29   1    2             @ITOF
0    117   4   13             @MULFF
0    321  11   16             @ADDFF
 Inline         4     43  2.1  floor
 Inline         4     44  1.9  ceil
0    188   7   16    259  6.9  fmod
0    202   7   14             @DIVFF
1    515  18   22   1071  8.0  exp
0     37   1    2             @SITOF
0    420  15   25    979 10.0  log
1    395  14   12    581  7.5  pow
0    138   5    5    297  4.2  MAIN
 Inline         0             @cinit1

Program metrics:
    Functions               8
    Statements              269
    Comments                385
    Volume (V)              6317
    Difficulty (D)          50.9
    Effort to implement (E) 321354
    Time to implement (T)   4 hours, 58 minutes
    Est Delivered Bugs (B)  2
    Cyclomatic Complexity   17
    Maintainability (MI)    30

 Segment     Used  Free
-----------  ----  ----
00000-00003     4  0  
00004-007FF  1969  75  
00800-00FFF   910  1138  
01000-017FF     0  2048  
01800-01FFF     0  2048  



