
ROM used:   90/8192 (1%)
            90/8192 (1%) including unused fragments

            0.1 Average locations per line
            8.2 Average locations per statement

RAM used:   13/368 (4%) at main() level
            13/368 (4%) worst case

Stack used: 1 worst case (0 in main + 1 for interrupts)
Stack size: 8

Lines Stmts  %   Files
----- ----- ---  -----
   39    11 100  main.c
  671     0   0  ..\..\..\..\..\..\..\..\..\..\Program Files (x86)\PICC\Devices\16F877A.h
----- -----
  710    11 Total

Page ROM  %  RAM   Vol Diff  Functions:
---- --- --- ---   --- ----  ----------
0     12  13    0    37  1.1  EXT_isr
0     31  34    0   149  1.8  MAIN
 Inline         0             @cinit1

Program metrics:
    Functions               2
    Statements              11
    Comments                124
    Volume (V)              225
    Difficulty (D)          2.8
    Effort to implement (E) 630
    Time to implement (T)   1 minutes
    Est Delivered Bugs (B)  0
    Cyclomatic Complexity   1
    Maintainability (MI)    101

 Segment     Used  Free
-----------  ----  ----
00000-00003     4  0  
00004-0002E    43  0  
0002F-007FF    43  1958  
00800-00FFF     0  2048  
01000-017FF     0  2048  
01800-01FFF     0  2048  



