
ROM used:   178/8192 (2%)
            178/8192 (2%) including unused fragments

            0.2 Average locations per line
            9.9 Average locations per statement

RAM used:   14/368 (4%) at main() level
            15/368 (4%) worst case

Stack used: 1 worst case (1 in main + 0 for interrupts)
Stack size: 8

Lines Stmts  %   Files
----- ----- ---  -----
   48    18 100  pwmDelayTriang.c
  708     0   0  ..\..\..\..\..\..\..\..\..\..\Program Files (x86)\PICCDEMO\Devices\16F877A.h
----- -----
  756    18 Total

Page ROM  %  RAM    Vol Diff  Functions:
---- --- --- ---    --- ----  ----------
0     15   8    1             @delay_us1
0    159  89    9    641  5.8  main
 Inline         0             @cinit1

Program metrics:
    Functions               1
    Statements              18
    Comments                133
    Volume (V)              646
    Difficulty (D)          5.5
    Effort to implement (E) 3569
    Time to implement (T)   3 minutes
    Est Delivered Bugs (B)  0
    Cyclomatic Complexity   4
    Maintainability (MI)    48

 Segment     Used  Free
-----------  ----  ----
00000-00003     4  0  
00004-007FF   174  1870  
00800-00FFF     0  2048  
01000-017FF     0  2048  
01800-01FFF     0  2048  



