
ROM used:   88/8192 (1%)
            88/8192 (1%) including unused fragments

            0.1 Average locations per line
            8.8 Average locations per statement

RAM used:   13/368 (4%) at main() level
            14/368 (4%) worst case

Stack used: 1 worst case (0 in main + 1 for interrupts)
Stack size: 8

Lines Stmts  %   Files
----- ----- ---  -----
   31    10 100  interrupt.c
    5     0   0  interrupt.h
  708     0   0  ..\..\..\..\..\..\..\..\..\..\Program Files (x86)\PICCDEMO\Devices\16F877A.h
----- -----
  744    10 Total

Page ROM  %  RAM    Vol Diff  Functions:
---- --- --- ---    --- ----  ----------
0     15  17    1     72  2.7  RTCC_isr
0     26  30    0    108  2.1  MAIN
 Inline         0             @cinit1

Program metrics:
    Functions               2
    Statements              10
    Comments                126
    Volume (V)              226
    Difficulty (D)          4.7
    Effort to implement (E) 1060
    Time to implement (T)   1 minutes
    Est Delivered Bugs (B)  0
    Cyclomatic Complexity   1
    Maintainability (MI)    107

 Segment     Used  Free
-----------  ----  ----
00000-00003     4  0  
00004-0002E    43  0  
0002F-007FF    41  1960  
00800-00FFF     0  2048  
01000-017FF     0  2048  
01800-01FFF     0  2048  



